<?xml version="1.0" encoding="UTF-8"?>
<testng-results skipped="0" failed="0" ignored="0" total="1" passed="1">
  <reporter-output>
  </reporter-output>
  <suite name="Default suite" duration-ms="66" started-at="2019-09-28T12:02:40 CST" finished-at="2019-09-28T12:02:40 CST">
    <groups>
    </groups>
    <test name="Default test" duration-ms="66" started-at="2019-09-28T12:02:40 CST" finished-at="2019-09-28T12:02:40 CST">
      <class name="com.idfyed.assignment.shoppinglist.GroceryStockTest">
        <test-method status="PASS" signature="getConverterTest()[pri:0, instance:com.idfyed.assignment.shoppinglist.GroceryStockTest@480dd7]" name="getConverterTest" duration-ms="18" started-at="2019-09-28T12:02:40 CST" finished-at="2019-09-28T12:02:40 CST">
          <exception class="com.idfyed.assignment.shoppinglist.exceptions.ItemNotFoundException">
            <message>
              <![CDATA[orange not found]]>
            </message>
            <full-stacktrace>
              <![CDATA[com.idfyed.assignment.shoppinglist.exceptions.ItemNotFoundException: orange not found
at com.idfyed.assignment.shoppinglist.GroceryStock.get(GroceryStock.java:36)
at com.idfyed.assignment.shoppinglist.GroceryStockTest.getConverterTest(GroceryStockTest.java:11)
at sun.reflect.NativeMethodAccessorImpl.invoke0(Native Method)
at sun.reflect.NativeMethodAccessorImpl.invoke(NativeMethodAccessorImpl.java:62)
at sun.reflect.DelegatingMethodAccessorImpl.invoke(DelegatingMethodAccessorImpl.java:43)
at java.lang.reflect.Method.invoke(Method.java:498)
at org.testng.internal.MethodInvocationHelper.invokeMethod(MethodInvocationHelper.java:133)
at org.testng.internal.TestInvoker.invokeMethod(TestInvoker.java:584)
at org.testng.internal.TestInvoker.invokeTestMethod(TestInvoker.java:172)
at org.testng.internal.MethodRunner.runInSequence(MethodRunner.java:46)
at org.testng.internal.TestInvoker$MethodInvocationAgent.invoke(TestInvoker.java:804)
at org.testng.internal.TestInvoker.invokeTestMethods(TestInvoker.java:145)
at org.testng.internal.TestMethodWorker.invokeTestMethods(TestMethodWorker.java:146)
at org.testng.internal.TestMethodWorker.run(TestMethodWorker.java:128)
at java.util.ArrayList.forEach(ArrayList.java:1249)
at org.testng.TestRunner.privateRun(TestRunner.java:770)
at org.testng.TestRunner.run(TestRunner.java:591)
at org.testng.SuiteRunner.runTest(SuiteRunner.java:402)
at org.testng.SuiteRunner.runSequentially(SuiteRunner.java:396)
at org.testng.SuiteRunner.privateRun(SuiteRunner.java:355)
at org.testng.SuiteRunner.run(SuiteRunner.java:304)
at org.testng.SuiteRunnerWorker.runSuite(SuiteRunnerWorker.java:53)
at org.testng.SuiteRunnerWorker.run(SuiteRunnerWorker.java:96)
at org.testng.TestNG.runSuitesSequentially(TestNG.java:1180)
at org.testng.TestNG.runSuitesLocally(TestNG.java:1102)
at org.testng.TestNG.runSuites(TestNG.java:1032)
at org.testng.TestNG.run(TestNG.java:1000)
at org.testng.remote.AbstractRemoteTestNG.run(AbstractRemoteTestNG.java:115)
at org.testng.remote.RemoteTestNG.initAndRun(RemoteTestNG.java:251)
at org.testng.remote.RemoteTestNG.main(RemoteTestNG.java:77)
]]>
            </full-stacktrace>
          </exception> <!-- com.idfyed.assignment.shoppinglist.exceptions.ItemNotFoundException -->
          <reporter-output>
          </reporter-output>
        </test-method> <!-- getConverterTest -->
      </class> <!-- com.idfyed.assignment.shoppinglist.GroceryStockTest -->
    </test> <!-- Default test -->
  </suite> <!-- Default suite -->
</testng-results>
